# JRE version: OpenJDK Runtime Environment (8.0_76-b03) (build 1.8.0_76-release-b03)
# Java VM: OpenJDK 64-Bit Server VM (25.76-b03 mixed mode windows-amd64 compressed oops)
Heap:
 PSYoungGen      total 215040K, used 82324K [0x00000000e0000000, 0x00000000f1500000, 0x0000000100000000)
  eden space 194560K, 31% used [0x00000000e0000000,0x00000000e3c69728,0x00000000ebe00000)
  from space 20480K, 99% used [0x00000000ed180000,0x00000000ee57bc10,0x00000000ee580000)
  to   space 19968K, 0% used [0x00000000ebe00000,0x00000000ebe00000,0x00000000ed180000)
 ParOldGen       total 99840K, used 58796K [0x00000000a0000000, 0x00000000a6180000, 0x00000000e0000000)
  object space 99840K, 58% used [0x00000000a0000000,0x00000000a396b388,0x00000000a6180000)
 Metaspace       used 66415K, capacity 68456K, committed 68776K, reserved 1110016K
  class space    used 8366K, capacity 8778K, committed 8880K, reserved 1048576K
GC Heap History (10 events):
Event: 54.776 GC heap before
{Heap before GC invocations=17 (full 3):
 PSYoungGen      total 168448K, used 157432K [0x00000000e0000000, 0x00000000ecf80000, 0x0000000100000000)
  eden space 148992K, 100% used [0x00000000e0000000,0x00000000e9180000,0x00000000e9180000)
  from space 19456K, 43% used [0x00000000e9180000,0x00000000e99be2f0,0x00000000ea480000)
  to   space 18432K, 0% used [0x00000000ebd80000,0x00000000ebd80000,0x00000000ecf80000)
 ParOldGen       total 99840K, used 33319K [0x00000000a0000000, 0x00000000a6180000, 0x00000000e0000000)
  object space 99840K, 33% used [0x00000000a0000000,0x00000000a2089f60,0x00000000a6180000)
 Metaspace       used 63795K, capacity 65600K, committed 65960K, reserved 1105920K
  class space    used 8132K, capacity 8518K, committed 8624K, reserved 1048576K
Event: 54.798 GC heap after
Heap after GC invocations=17 (full 3):
 PSYoungGen      total 189440K, used 18418K [0x00000000e0000000, 0x00000000ed000000, 0x0000000100000000)
  eden space 171008K, 0% used [0x00000000e0000000,0x00000000e0000000,0x00000000ea700000)
  from space 18432K, 99% used [0x00000000ebd80000,0x00000000ecf7ca90,0x00000000ecf80000)
  to   space 20992K, 0% used [0x00000000ea700000,0x00000000ea700000,0x00000000ebb80000)
 ParOldGen       total 99840K, used 33654K [0x00000000a0000000, 0x00000000a6180000, 0x00000000e0000000)
  object space 99840K, 33% used [0x00000000a0000000,0x00000000a20ddb68,0x00000000a6180000)
 Metaspace       used 63795K, capacity 65600K, committed 65960K, reserved 1105920K
  class space    used 8132K, capacity 8518K, committed 8624K, reserved 1048576K
}
Event: 58.996 GC heap before
{Heap before GC invocations=18 (full 3):
 PSYoungGen      total 189440K, used 189426K [0x00000000e0000000, 0x00000000ed000000, 0x0000000100000000)
  eden space 171008K, 100% used [0x00000000e0000000,0x00000000ea700000,0x00000000ea700000)
  from space 18432K, 99% used [0x00000000ebd80000,0x00000000ecf7ca90,0x00000000ecf80000)
  to   space 20992K, 0% used [0x00000000ea700000,0x00000000ea700000,0x00000000ebb80000)
 ParOldGen       total 99840K, used 33654K [0x00000000a0000000, 0x00000000a6180000, 0x00000000e0000000)
  object space 99840K, 33% used [0x00000000a0000000,0x00000000a20ddb68,0x00000000a6180000)
 Metaspace       used 65056K, capacity 67052K, committed 67368K, reserved 1107968K
  class space    used 8243K, capacity 8656K, committed 8752K, reserved 1048576K
Event: 59.014 GC heap after
Heap after GC invocations=18 (full 3):
 PSYoungGen      total 192000K, used 12183K [0x00000000e0000000, 0x00000000ee580000, 0x0000000100000000)
  eden space 171008K, 0% used [0x00000000e0000000,0x00000000e0000000,0x00000000ea700000)
  from space 20992K, 58% used [0x00000000ea700000,0x00000000eb2e5fe0,0x00000000ebb80000)
  to   space 20480K, 0% used [0x00000000ed180000,0x00000000ed180000,0x00000000ee580000)
 ParOldGen       total 99840K, used 33662K [0x00000000a0000000, 0x00000000a6180000, 0x00000000e0000000)
  object space 99840K, 33% used [0x00000000a0000000,0x00000000a20dfb68,0x00000000a6180000)
 Metaspace       used 65056K, capacity 67052K, committed 67368K, reserved 1107968K
  class space    used 8243K, capacity 8656K, committed 8752K, reserved 1048576K
}
Event: 59.065 GC heap before
{Heap before GC invocations=19 (full 3):
 PSYoungGen      total 192000K, used 182867K [0x00000000e0000000, 0x00000000ee580000, 0x0000000100000000)
  eden space 171008K, 99% used [0x00000000e0000000,0x00000000ea6aed80,0x00000000ea700000)
  from space 20992K, 58% used [0x00000000ea700000,0x00000000eb2e5fe0,0x00000000ebb80000)
  to   space 20480K, 0% used [0x00000000ed180000,0x00000000ed180000,0x00000000ee580000)
 ParOldGen       total 99840K, used 33662K [0x00000000a0000000, 0x00000000a6180000, 0x00000000e0000000)
  object space 99840K, 33% used [0x00000000a0000000,0x00000000a20dfb68,0x00000000a6180000)
 Metaspace       used 65104K, capacity 67072K, committed 67368K, reserved 1107968K
  class space    used 8249K, capacity 8660K, committed 8752K, reserved 1048576K
Event: 59.081 GC heap after
Heap after GC invocations=19 (full 3):
 PSYoungGen      total 215040K, used 10724K [0x00000000e0000000, 0x00000000f1500000, 0x0000000100000000)
  eden space 194560K, 0% used [0x00000000e0000000,0x00000000e0000000,0x00000000ebe00000)
  from space 20480K, 52% used [0x00000000ed180000,0x00000000edbf9070,0x00000000ee580000)
  to   space 19968K, 0% used [0x00000000ebe00000,0x00000000ebe00000,0x00000000ed180000)
 ParOldGen       total 99840K, used 33670K [0x00000000a0000000, 0x00000000a6180000, 0x00000000e0000000)
  object space 99840K, 33% used [0x00000000a0000000,0x00000000a20e1b68,0x00000000a6180000)
 Metaspace       used 65104K, capacity 67072K, committed 67368K, reserved 1107968K
  class space    used 8249K, capacity 8660K, committed 8752K, reserved 1048576K
}
Event: 61.318 GC heap before
{Heap before GC invocations=20 (full 3):
 PSYoungGen      total 215040K, used 205284K [0x00000000e0000000, 0x00000000f1500000, 0x0000000100000000)
  eden space 194560K, 100% used [0x00000000e0000000,0x00000000ebe00000,0x00000000ebe00000)
  from space 20480K, 52% used [0x00000000ed180000,0x00000000edbf9070,0x00000000ee580000)
  to   space 19968K, 0% used [0x00000000ebe00000,0x00000000ebe00000,0x00000000ed180000)
 ParOldGen       total 99840K, used 33670K [0x00000000a0000000, 0x00000000a6180000, 0x00000000e0000000)
  object space 99840K, 33% used [0x00000000a0000000,0x00000000a20e1b68,0x00000000a6180000)
 Metaspace       used 66069K, capacity 68136K, committed 68264K, reserved 1107968K
  class space    used 8361K, capacity 8778K, committed 8880K, reserved 1048576K
Event: 61.343 GC heap after
Heap after GC invocations=20 (full 3):
 PSYoungGen      total 214528K, used 19965K [0x00000000e0000000, 0x00000000f1500000, 0x0000000100000000)
  eden space 194560K, 0% used [0x00000000e0000000,0x00000000e0000000,0x00000000ebe00000)
  from space 19968K, 99% used [0x00000000ebe00000,0x00000000ed17f5e0,0x00000000ed180000)
  to   space 20480K, 0% used [0x00000000ed180000,0x00000000ed180000,0x00000000ee580000)
 ParOldGen       total 99840K, used 36065K [0x00000000a0000000, 0x00000000a6180000, 0x00000000e0000000)
  object space 99840K, 36% used [0x00000000a0000000,0x00000000a2338540,0x00000000a6180000)
 Metaspace       used 66069K, capacity 68136K, committed 68264K, reserved 1107968K
  class space    used 8361K, capacity 8778K, committed 8880K, reserved 1048576K
}
Event: 62.149 GC heap before
{Heap before GC invocations=21 (full 3):
 PSYoungGen      total 214528K, used 214525K [0x00000000e0000000, 0x00000000f1500000, 0x0000000100000000)
  eden space 194560K, 100% used [0x00000000e0000000,0x00000000ebe00000,0x00000000ebe00000)
  from space 19968K, 99% used [0x00000000ebe00000,0x00000000ed17f5e0,0x00000000ed180000)
  to   space 20480K, 0% used [0x00000000ed180000,0x00000000ed180000,0x00000000ee580000)
 ParOldGen       total 99840K, used 36065K [0x00000000a0000000, 0x00000000a6180000, 0x00000000e0000000)
  object space 99840K, 36% used [0x00000000a0000000,0x00000000a2338540,0x00000000a6180000)
 Metaspace       used 66313K, capacity 68392K, committed 68520K, reserved 1110016K
  class space    used 8365K, capacity 8778K, committed 8880K, reserved 1048576K
Event: 62.226 GC heap after
Heap after GC invocations=21 (full 3):
 PSYoungGen      total 215040K, used 20463K [0x00000000e0000000, 0x00000000f1500000, 0x0000000100000000)
  eden space 194560K, 0% used [0x00000000e0000000,0x00000000e0000000,0x00000000ebe00000)
  from space 20480K, 99% used [0x00000000ed180000,0x00000000ee57bc10,0x00000000ee580000)
  to   space 19968K, 0% used [0x00000000ebe00000,0x00000000ebe00000,0x00000000ed180000)
 ParOldGen       total 99840K, used 58796K [0x00000000a0000000, 0x00000000a6180000, 0x00000000e0000000)
  object space 99840K, 58% used [0x00000000a0000000,0x00000000a396b388,0x00000000a6180000)
 Metaspace       used 66313K, capacity 68392K, committed 68520K, reserved 1110016K
  class space    used 8365K, capacity 8778K, committed 8880K, reserved 1048576K
}

